<?xml version="1.0" encoding="UTF-8"?>
<testng-results ignored="0" total="1" passed="1" failed="0" skipped="0">
  <reporter-output>
  </reporter-output>
  <suite started-at="2024-03-31T22:37:23 ICT" name="Suite" finished-at="2024-03-31T22:37:36 ICT" duration-ms="12905">
    <groups>
    </groups>
    <test started-at="2024-03-31T22:37:23 ICT" name="Test" finished-at="2024-03-31T22:37:36 ICT" duration-ms="12905">
      <class name="hieucode.SubmitOrderTest">
        <test-method is-config="true" signature="launchApplication()[pri:0, instance:hieucode.SubmitOrderTest@51e69659]" started-at="2024-03-31T22:37:23 ICT" name="launchApplication" finished-at="2024-03-31T22:37:31 ICT" duration-ms="8379" status="PASS">
          <reporter-output>
          </reporter-output>
        </test-method> <!-- launchApplication -->
        <test-method signature="submitOrder()[pri:0, instance:hieucode.SubmitOrderTest@51e69659]" started-at="2024-03-31T22:37:31 ICT" name="submitOrder" finished-at="2024-03-31T22:37:36 ICT" duration-ms="4468" status="PASS">
          <reporter-output>
          </reporter-output>
        </test-method> <!-- submitOrder -->
        <test-method is-config="true" signature="tearDown()[pri:0, instance:hieucode.SubmitOrderTest@51e69659]" started-at="2024-03-31T22:37:36 ICT" name="tearDown" finished-at="2024-03-31T22:37:36 ICT" duration-ms="0" status="PASS">
          <reporter-output>
          </reporter-output>
        </test-method> <!-- tearDown -->
      </class> <!-- hieucode.SubmitOrderTest -->
    </test> <!-- Test -->
  </suite> <!-- Suite -->
</testng-results>
